{"/Users/tristan/Desktop/Projects/process-reviews/change-converter/src/changeConverter.js":{"path":"/Users/tristan/Desktop/Projects/process-reviews/change-converter/src/changeConverter.js","s":{"1":1,"2":1,"3":2,"4":1},"b":{},"f":{"1":1,"2":2},"fnMap":{"1":{"name":"(anonymous_1)","line":1,"loc":{"start":{"line":1,"column":1},"end":{"line":1,"column":19}}},"2":{"name":"changeConverter","line":3,"loc":{"start":{"line":3,"column":4},"end":{"line":3,"column":37}}}},"statementMap":{"1":{"start":{"line":1,"column":0},"end":{"line":9,"column":8}},"2":{"start":{"line":3,"column":4},"end":{"line":5,"column":5}},"3":{"start":{"line":4,"column":8},"end":{"line":4,"column":29}},"4":{"start":{"line":8,"column":4},"end":{"line":8,"column":36}}},"branchMap":{}}}