{"/Users/tristan/Desktop/Projects/process-reviews/change-converter/src/changeConverter.js":{"path":"/Users/tristan/Desktop/Projects/process-reviews/change-converter/src/changeConverter.js","s":{"1":1,"2":1,"3":1,"4":1,"5":3,"6":3,"7":3,"8":1,"9":3,"10":3,"11":3,"12":13,"13":3,"14":3,"15":10,"16":1,"17":3,"18":1},"b":{"1":[3,10]},"f":{"1":1,"2":3,"3":3,"4":3},"fnMap":{"1":{"name":"(anonymous_1)","line":1,"loc":{"start":{"line":1,"column":1},"end":{"line":1,"column":19}}},"2":{"name":"changeConverter","line":20,"loc":{"start":{"line":20,"column":4},"end":{"line":20,"column":41}}},"3":{"name":"convertAmountToChange","line":26,"loc":{"start":{"line":26,"column":4},"end":{"line":26,"column":43}}},"4":{"name":"formatChange","line":39,"loc":{"start":{"line":39,"column":4},"end":{"line":39,"column":35}}}},"statementMap":{"1":{"start":{"line":1,"column":0},"end":{"line":45,"column":8}},"2":{"start":{"line":3,"column":4},"end":{"line":16,"column":5}},"3":{"start":{"line":18,"column":4},"end":{"line":18,"column":14}},"4":{"start":{"line":20,"column":4},"end":{"line":24,"column":5}},"5":{"start":{"line":21,"column":8},"end":{"line":21,"column":19}},"6":{"start":{"line":22,"column":8},"end":{"line":22,"column":37}},"7":{"start":{"line":23,"column":8},"end":{"line":23,"column":21}},"8":{"start":{"line":26,"column":4},"end":{"line":37,"column":5}},"9":{"start":{"line":27,"column":8},"end":{"line":27,"column":38}},"10":{"start":{"line":28,"column":8},"end":{"line":28,"column":21}},"11":{"start":{"line":29,"column":8},"end":{"line":36,"column":9}},"12":{"start":{"line":30,"column":12},"end":{"line":35,"column":13}},"13":{"start":{"line":31,"column":16},"end":{"line":31,"column":63}},"14":{"start":{"line":32,"column":16},"end":{"line":32,"column":45}},"15":{"start":{"line":34,"column":16},"end":{"line":34,"column":24}},"16":{"start":{"line":39,"column":4},"end":{"line":41,"column":5}},"17":{"start":{"line":40,"column":8},"end":{"line":40,"column":28}},"18":{"start":{"line":44,"column":4},"end":{"line":44,"column":36}}},"branchMap":{"1":{"line":30,"type":"if","locations":[{"start":{"line":30,"column":12},"end":{"line":30,"column":12}},{"start":{"line":30,"column":12},"end":{"line":30,"column":12}}]}}}}