TN:
SF:/Users/tristan/Desktop/Projects/process-reviews/change-converter/src/change_generator.js
FN:5,(anonymous_1)
FN:10,(anonymous_2)
FNF:2
FNH:2
FNDA:1,(anonymous_1)
FNDA:1,(anonymous_2)
DA:1,1
DA:2,1
DA:6,1
DA:7,1
DA:11,1
DA:16,1
LF:6
LH:6
BRF:0
BRH:0
end_of_record
TN:
SF:/Users/tristan/Desktop/Projects/process-reviews/change-converter/src/changeConverter.js
FN:1,(anonymous_1)
FN:22,changeConverter
FN:28,convertAmountToChange
FN:36,formatChange
FN:40,addChange
FN:45,updateTotal
FNF:6
FNH:6
FNDA:1,(anonymous_1)
FNDA:5,changeConverter
FNDA:5,convertAmountToChange
FNDA:13,formatChange
FNDA:13,addChange
FNDA:13,updateTotal
DA:1,1
DA:3,1
DA:5,1
DA:7,1
DA:22,1
DA:23,5
DA:24,5
DA:25,5
DA:28,1
DA:29,5
DA:30,5
DA:31,5
DA:32,35
DA:36,1
DA:37,13
DA:40,1
DA:41,13
DA:42,13
DA:45,1
DA:46,13
DA:49,1
LF:21
LH:21
BRDA:32,1,0,13
BRDA:32,1,1,22
BRDA:37,2,0,10
BRDA:37,2,1,3
BRF:4
BRH:4
end_of_record
TN:
SF:/Users/tristan/Desktop/Projects/process-reviews/change-converter/src/changeTotaller.js
FN:1,(anonymous_1)
FN:5,changeTotaller
FN:11,getTotal
FN:17,covertNoteToInteger
FN:22,converPenceToFloat
FN:27,formatTotal
FNF:6
FNH:6
FNDA:1,(anonymous_1)
FNDA:4,changeTotaller
FNDA:4,getTotal
FNDA:5,covertNoteToInteger
FNDA:4,converPenceToFloat
FNDA:4,formatTotal
DA:1,1
DA:3,1
DA:5,1
DA:6,4
DA:7,4
DA:8,4
DA:11,1
DA:12,4
DA:13,9
DA:17,1
DA:18,5
DA:19,5
DA:22,1
DA:23,4
DA:24,4
DA:27,1
DA:28,4
DA:31,1
LF:18
LH:18
BRDA:13,1,0,4
BRDA:13,1,1,5
BRDA:28,2,0,3
BRDA:28,2,1,1
BRF:4
BRH:4
end_of_record
