TN:
SF:/Users/tristan/Desktop/Projects/process-reviews/change-converter/src/changeConverter.js
FN:1,(anonymous_1)
FN:20,changeConverter
FN:26,convertAmountToChange
FN:41,formatChange
FNF:4
FNH:4
FNDA:1,(anonymous_1)
FNDA:4,changeConverter
FNDA:4,convertAmountToChange
FNDA:11,formatChange
DA:1,1
DA:3,1
DA:18,1
DA:20,1
DA:21,4
DA:22,4
DA:23,4
DA:26,1
DA:27,4
DA:28,4
DA:29,4
DA:30,32
DA:31,32
DA:32,11
DA:33,11
DA:34,11
DA:36,21
DA:41,1
DA:42,11
DA:46,1
LF:20
LH:20
BRDA:31,1,0,11
BRDA:31,1,1,21
BRDA:42,2,0,8
BRDA:42,2,1,3
BRF:4
BRH:4
end_of_record
